<?xml version='1.0'?>
<ns2:test-suite xmlns:ns2='urn:model.allure.qatools.yandex.ru' start='1669548920400' stop='1669548920428'>
    <name>Bootcamp E2E: Search bar</name>
    <title>Bootcamp E2E: Search bar</title>
    <test-cases>
        <test-case start='1669548920401' status='passed' stop='1669548920408'>
            <name></name>
            <title></title>
            <labels>
                <label name='language' value='javascript'/>
                <label name='framework' value='wdio'/>
                <label name='thread' value='0-0'/>
            </labels>
            <parameters>
                <parameter kind='argument' name='browser' value='chrome-107.0.5304.107'/>
            </parameters>
            <steps/>
            <attachments/>
        </test-case>
        <test-case start='1669548920409' status='broken' stop='1669548920412'>
            <name>Given I am on the "home" page</name>
            <title>Given I am on the "home" page</title>
            <labels>
                <label name='language' value='javascript'/>
                <label name='framework' value='wdio'/>
                <label name='thread' value='0-0'/>
            </labels>
            <parameters>
                <parameter kind='argument' name='browser' value='chrome-107.0.5304.107'/>
            </parameters>
            <steps/>
            <attachments/>
            <failure>
                <message>function has 0 arguments, should have 1 (if synchronous or returning a promise) or 2 (if accepting a callback)</message>
                <stack-trace>function has 0 arguments, should have 1 (if synchronous or returning a promise) or 2 (if accepting a callback)</stack-trace>
            </failure>
        </test-case>
        <test-case start='1669548920412' status='pending' stop='1669548920413'>
            <name>Given The promo banner is closed if it appears</name>
            <title>Given The promo banner is closed if it appears</title>
            <labels>
                <label name='language' value='javascript'/>
                <label name='framework' value='wdio'/>
                <label name='thread' value='0-0'/>
            </labels>
            <parameters>
                <parameter kind='argument' name='browser' value='chrome-107.0.5304.107'/>
            </parameters>
            <steps/>
            <attachments/>
        </test-case>
        <test-case start='1669548920413' status='broken' stop='1669548920414'>
            <name>When I entry the word Windows in the search bar (top middle)</name>
            <title>When I entry the word Windows in the search bar (top middle)</title>
            <labels>
                <label name='language' value='javascript'/>
                <label name='framework' value='wdio'/>
                <label name='thread' value='0-0'/>
            </labels>
            <parameters>
                <parameter kind='argument' name='browser' value='chrome-107.0.5304.107'/>
            </parameters>
            <steps/>
            <attachments/>
            <failure>
                <message>Step "I entry the word Windows in the search bar (top middle)" is not defined. You can ignore this error by setting cucumberOpts.ignoreUndefinedDefinitions as true.</message>
                <stack-trace>Step "I entry the word Windows in the search bar (top middle)" is not defined. You can ignore this error by setting cucumberOpts.ignoreUndefinedDefinitions as true.
                	at Feature(D:\QAA bootcamp\TA-Homework-E2E\features\bootcampE2E.feature):1:1
                	at Scenario(Search bar):3:3
                	at Step(I entry the word Windows in the search bar (top middle)):8:5
                </stack-trace>
            </failure>
        </test-case>
        <test-case start='1669548920414' status='broken' stop='1669548920415'>
            <name>And I click the search</name>
            <title>And I click the search</title>
            <labels>
                <label name='language' value='javascript'/>
                <label name='framework' value='wdio'/>
                <label name='thread' value='0-0'/>
            </labels>
            <parameters>
                <parameter kind='argument' name='browser' value='chrome-107.0.5304.107'/>
            </parameters>
            <steps/>
            <attachments/>
            <failure>
                <message>Step "I click the search" is not defined. You can ignore this error by setting cucumberOpts.ignoreUndefinedDefinitions as true.</message>
                <stack-trace>Step "I click the search" is not defined. You can ignore this error by setting cucumberOpts.ignoreUndefinedDefinitions as true.
                	at Feature(D:\QAA bootcamp\TA-Homework-E2E\features\bootcampE2E.feature):1:1
                	at Scenario(Search bar):3:3
                	at Step(I click the search):9:5
                </stack-trace>
            </failure>
        </test-case>
        <test-case start='1669548920416' status='broken' stop='1669548920417'>
            <name>Then I should check that at least one item appers</name>
            <title>Then I should check that at least one item appers</title>
            <labels>
                <label name='language' value='javascript'/>
                <label name='framework' value='wdio'/>
                <label name='thread' value='0-0'/>
            </labels>
            <parameters>
                <parameter kind='argument' name='browser' value='chrome-107.0.5304.107'/>
            </parameters>
            <steps/>
            <attachments/>
            <failure>
                <message>Step "I should check that at least one item appers" is not defined. You can ignore this error by setting cucumberOpts.ignoreUndefinedDefinitions as true.</message>
                <stack-trace>Step "I should check that at least one item appers" is not defined. You can ignore this error by setting cucumberOpts.ignoreUndefinedDefinitions as true.
                	at Feature(D:\QAA bootcamp\TA-Homework-E2E\features\bootcampE2E.feature):1:1
                	at Scenario(Search bar):3:3
                	at Step(I should check that at least one item appers):10:5
                </stack-trace>
            </failure>
        </test-case>
        <test-case start='1669548920417' status='passed' stop='1669548920418'>
            <name></name>
            <title></title>
            <labels>
                <label name='language' value='javascript'/>
                <label name='framework' value='wdio'/>
                <label name='thread' value='0-0'/>
            </labels>
            <parameters>
                <parameter kind='argument' name='browser' value='chrome-107.0.5304.107'/>
            </parameters>
            <steps/>
            <attachments/>
        </test-case>
    </test-cases>
</ns2:test-suite>