<?xml version='1.0'?>
<ns2:test-suite xmlns:ns2='urn:model.allure.qatools.yandex.ru' start='1669550120838' stop='1669550127176'>
    <name>Bootcamp E2E: Search bar</name>
    <title>Bootcamp E2E: Search bar</title>
    <test-cases>
        <test-case start='1669550120838' status='passed' stop='1669550120840'>
            <name></name>
            <title></title>
            <labels>
                <label name='language' value='javascript'/>
                <label name='framework' value='wdio'/>
                <label name='thread' value='0-0'/>
            </labels>
            <parameters>
                <parameter kind='argument' name='browser' value='chrome-107.0.5304.107'/>
            </parameters>
            <steps/>
            <attachments/>
        </test-case>
        <test-case start='1669550120840' status='passed' stop='1669550124324'>
            <name>Given I am on the home page</name>
            <title>Given I am on the home page</title>
            <labels>
                <label name='language' value='javascript'/>
                <label name='framework' value='wdio'/>
                <label name='thread' value='0-0'/>
            </labels>
            <parameters>
                <parameter kind='argument' name='browser' value='chrome-107.0.5304.107'/>
            </parameters>
            <steps>
                <step start='1669550120843' status='passed' stop='1669550124322'>
                    <name>POST /session/:sessionId/url</name>
                    <title>POST /session/:sessionId/url</title>
                    <attachments>
                        <attachment title='Request' source='8ba11219-7227-46dd-9954-3bde9962c29f-attachment.json' type='application/json' size='38'/>
                    </attachments>
                    <steps/>
                </step>
            </steps>
            <attachments/>
        </test-case>
        <test-case start='1669550124324' status='passed' stop='1669550127169'>
            <name>Given The promo banner is closed if it appears</name>
            <title>Given The promo banner is closed if it appears</title>
            <labels>
                <label name='language' value='javascript'/>
                <label name='framework' value='wdio'/>
                <label name='thread' value='0-0'/>
            </labels>
            <parameters>
                <parameter kind='argument' name='browser' value='chrome-107.0.5304.107'/>
            </parameters>
            <steps>
                <step start='1669550124327' status='passed' stop='1669550124404'>
                    <name>POST /session/:sessionId/element</name>
                    <title>POST /session/:sessionId/element</title>
                    <attachments>
                        <attachment title='Request' source='6479f7d7-bb58-4775-b820-0da7876f177a-attachment.json' type='application/json' size='81'/>
                        <attachment title='Response' source='e33c49da-84c6-421f-88e8-018446aeff0d-attachment.json' type='application/json' size='1048'/>
                    </attachments>
                    <steps/>
                </step>
                <step start='1669550124417' status='passed' stop='1669550125070'>
                    <name>POST /session/:sessionId/elements</name>
                    <title>POST /session/:sessionId/elements</title>
                    <attachments>
                        <attachment title='Request' source='f0a77890-d341-463c-a562-c29ff3a1a9a4-attachment.json' type='application/json' size='81'/>
                        <attachment title='Response' source='5808e2f8-e9f4-45aa-a1c5-f4904cba506e-attachment.json' type='application/json' size='2'/>
                    </attachments>
                    <steps/>
                </step>
                <step start='1669550125085' status='passed' stop='1669550125238'>
                    <name>POST /session/:sessionId/elements</name>
                    <title>POST /session/:sessionId/elements</title>
                    <attachments>
                        <attachment title='Request' source='0a3f6e14-c123-4cd6-a3c3-f685f9ada7f8-attachment.json' type='application/json' size='81'/>
                        <attachment title='Response' source='1b379f20-5254-46d5-aaaa-b181c971f057-attachment.json' type='application/json' size='2'/>
                    </attachments>
                    <steps/>
                </step>
                <step start='1669550125422' status='passed' stop='1669550125487'>
                    <name>POST /session/:sessionId/elements</name>
                    <title>POST /session/:sessionId/elements</title>
                    <attachments>
                        <attachment title='Request' source='7edfa0f2-1a2c-4db5-9d85-a9803ff40762-attachment.json' type='application/json' size='81'/>
                        <attachment title='Response' source='ba9a64ab-16b5-483f-853a-eeb576e397b8-attachment.json' type='application/json' size='2'/>
                    </attachments>
                    <steps/>
                </step>
                <step start='1669550125930' status='passed' stop='1669550126415'>
                    <name>POST /session/:sessionId/elements</name>
                    <title>POST /session/:sessionId/elements</title>
                    <attachments>
                        <attachment title='Request' source='e6013558-3580-4dcb-843c-e91bf9a09638-attachment.json' type='application/json' size='81'/>
                        <attachment title='Response' source='677ebdc9-52d3-4ef7-9067-6fb8b13fe10b-attachment.json' type='application/json' size='93'/>
                    </attachments>
                    <steps/>
                </step>
                <step start='1669550126423' status='passed' stop='1669550126566'>
                    <name>POST /session/:sessionId/element</name>
                    <title>POST /session/:sessionId/element</title>
                    <attachments>
                        <attachment title='Request' source='77dce14a-169c-4920-a19c-4c8ee086b868-attachment.json' type='application/json' size='81'/>
                        <attachment title='Response' source='e52c14bd-2477-455b-b6af-ae3779fb0def-attachment.json' type='application/json' size='83'/>
                    </attachments>
                    <steps/>
                </step>
                <step start='1669550126575' status='passed' stop='1669550127168'>
                    <name>POST /session/:sessionId/element/ad3c3236-7e01-4651-9185-c7ace5253940/click</name>
                    <title>POST /session/:sessionId/element/ad3c3236-7e01-4651-9185-c7ace5253940/click</title>
                    <attachments/>
                    <steps/>
                </step>
            </steps>
            <attachments/>
        </test-case>
        <test-case start='1669550127169' status='broken' stop='1669550127171'>
            <name>When I entry the word Windows in the search bar</name>
            <title>When I entry the word Windows in the search bar</title>
            <labels>
                <label name='language' value='javascript'/>
                <label name='framework' value='wdio'/>
                <label name='thread' value='0-0'/>
            </labels>
            <parameters>
                <parameter kind='argument' name='browser' value='chrome-107.0.5304.107'/>
            </parameters>
            <steps/>
            <attachments/>
            <failure>
                <message>Step "I entry the word Windows in the search bar" is not defined. You can ignore this error by setting cucumberOpts.ignoreUndefinedDefinitions as true.</message>
                <stack-trace>Step "I entry the word Windows in the search bar" is not defined. You can ignore this error by setting cucumberOpts.ignoreUndefinedDefinitions as true.
                	at Feature(D:\QAA bootcamp\TA-Homework-E2E\features\bootcampE2E.feature):1:1
                	at Scenario(Search bar):3:3
                	at Step(I entry the word Windows in the search bar):8:5
                </stack-trace>
            </failure>
        </test-case>
        <test-case start='1669550127172' status='broken' stop='1669550127172'>
            <name>And I click the search</name>
            <title>And I click the search</title>
            <labels>
                <label name='language' value='javascript'/>
                <label name='framework' value='wdio'/>
                <label name='thread' value='0-0'/>
            </labels>
            <parameters>
                <parameter kind='argument' name='browser' value='chrome-107.0.5304.107'/>
            </parameters>
            <steps/>
            <attachments/>
            <failure>
                <message>Step "I click the search" is not defined. You can ignore this error by setting cucumberOpts.ignoreUndefinedDefinitions as true.</message>
                <stack-trace>Step "I click the search" is not defined. You can ignore this error by setting cucumberOpts.ignoreUndefinedDefinitions as true.
                	at Feature(D:\QAA bootcamp\TA-Homework-E2E\features\bootcampE2E.feature):1:1
                	at Scenario(Search bar):3:3
                	at Step(I click the search):9:5
                </stack-trace>
            </failure>
        </test-case>
        <test-case start='1669550127173' status='broken' stop='1669550127173'>
            <name>Then I should check that at least one item appers</name>
            <title>Then I should check that at least one item appers</title>
            <labels>
                <label name='language' value='javascript'/>
                <label name='framework' value='wdio'/>
                <label name='thread' value='0-0'/>
            </labels>
            <parameters>
                <parameter kind='argument' name='browser' value='chrome-107.0.5304.107'/>
            </parameters>
            <steps/>
            <attachments/>
            <failure>
                <message>Step "I should check that at least one item appers" is not defined. You can ignore this error by setting cucumberOpts.ignoreUndefinedDefinitions as true.</message>
                <stack-trace>Step "I should check that at least one item appers" is not defined. You can ignore this error by setting cucumberOpts.ignoreUndefinedDefinitions as true.
                	at Feature(D:\QAA bootcamp\TA-Homework-E2E\features\bootcampE2E.feature):1:1
                	at Scenario(Search bar):3:3
                	at Step(I should check that at least one item appers):10:5
                </stack-trace>
            </failure>
        </test-case>
        <test-case start='1669550127173' status='passed' stop='1669550127175'>
            <name></name>
            <title></title>
            <labels>
                <label name='language' value='javascript'/>
                <label name='framework' value='wdio'/>
                <label name='thread' value='0-0'/>
            </labels>
            <parameters>
                <parameter kind='argument' name='browser' value='chrome-107.0.5304.107'/>
            </parameters>
            <steps/>
            <attachments/>
        </test-case>
    </test-cases>
</ns2:test-suite>