<?xml version='1.0'?>
<ns2:test-suite xmlns:ns2='urn:model.allure.qatools.yandex.ru' start='1669549765854' stop='1669549780763'>
    <name>Bootcamp E2E: Search bar</name>
    <title>Bootcamp E2E: Search bar</title>
    <test-cases>
        <test-case start='1669549765855' status='passed' stop='1669549765857'>
            <name></name>
            <title></title>
            <labels>
                <label name='language' value='javascript'/>
                <label name='framework' value='wdio'/>
                <label name='thread' value='0-0'/>
            </labels>
            <parameters>
                <parameter kind='argument' name='browser' value='chrome-107.0.5304.107'/>
            </parameters>
            <steps/>
            <attachments/>
        </test-case>
        <test-case start='1669549765857' status='passed' stop='1669549770702'>
            <name>Given I am on the home page</name>
            <title>Given I am on the home page</title>
            <labels>
                <label name='language' value='javascript'/>
                <label name='framework' value='wdio'/>
                <label name='thread' value='0-0'/>
            </labels>
            <parameters>
                <parameter kind='argument' name='browser' value='chrome-107.0.5304.107'/>
            </parameters>
            <steps>
                <step start='1669549765864' status='passed' stop='1669549770701'>
                    <name>POST /session/:sessionId/url</name>
                    <title>POST /session/:sessionId/url</title>
                    <attachments>
                        <attachment title='Request' source='97a58340-7195-4424-be56-af595ee8932a-attachment.json' type='application/json' size='38'/>
                    </attachments>
                    <steps/>
                </step>
            </steps>
            <attachments/>
        </test-case>
        <test-case start='1669549770703' status='passed' stop='1669549780746'>
            <name>Given The promo banner is closed if it appears</name>
            <title>Given The promo banner is closed if it appears</title>
            <labels>
                <label name='language' value='javascript'/>
                <label name='framework' value='wdio'/>
                <label name='thread' value='0-0'/>
            </labels>
            <parameters>
                <parameter kind='argument' name='browser' value='chrome-107.0.5304.107'/>
            </parameters>
            <steps>
                <step start='1669549770705' status='passed' stop='1669549771203'>
                    <name>POST /session/:sessionId/element</name>
                    <title>POST /session/:sessionId/element</title>
                    <attachments>
                        <attachment title='Request' source='d457a5e7-2470-4380-9ff9-32166abdab07-attachment.json' type='application/json' size='81'/>
                        <attachment title='Response' source='0ef11a8a-605b-431a-a8a9-2ba389188910-attachment.json' type='application/json' size='1048'/>
                    </attachments>
                    <steps/>
                </step>
                <step start='1669549771234' status='passed' stop='1669549771678'>
                    <name>POST /session/:sessionId/elements</name>
                    <title>POST /session/:sessionId/elements</title>
                    <attachments>
                        <attachment title='Request' source='69dea8f7-981a-41ab-835b-c38bf46a4a9e-attachment.json' type='application/json' size='81'/>
                        <attachment title='Response' source='dbdf04c9-1350-4586-8bfa-1a6548b0f855-attachment.json' type='application/json' size='2'/>
                    </attachments>
                    <steps/>
                </step>
                <step start='1669549771737' status='passed' stop='1669549773496'>
                    <name>POST /session/:sessionId/elements</name>
                    <title>POST /session/:sessionId/elements</title>
                    <attachments>
                        <attachment title='Request' source='95255688-e52a-4d3b-8eb2-0cb20dd62072-attachment.json' type='application/json' size='81'/>
                        <attachment title='Response' source='f31c7c3f-92ac-41e4-92f0-ecf1be39b5b7-attachment.json' type='application/json' size='2'/>
                    </attachments>
                    <steps/>
                </step>
                <step start='1669549773507' status='passed' stop='1669549773806'>
                    <name>POST /session/:sessionId/elements</name>
                    <title>POST /session/:sessionId/elements</title>
                    <attachments>
                        <attachment title='Request' source='4851e629-6ddc-485d-876f-9140215cd2b4-attachment.json' type='application/json' size='81'/>
                        <attachment title='Response' source='29039cc1-0d80-4e63-a5ee-be48591e9ae3-attachment.json' type='application/json' size='2'/>
                    </attachments>
                    <steps/>
                </step>
                <step start='1669549773818' status='passed' stop='1669549775109'>
                    <name>POST /session/:sessionId/elements</name>
                    <title>POST /session/:sessionId/elements</title>
                    <attachments>
                        <attachment title='Request' source='70c4c3a9-67f1-4cd8-ab28-fee8eb20e37f-attachment.json' type='application/json' size='81'/>
                        <attachment title='Response' source='edd2373b-d954-45e7-b7e9-32aa1bb1f40e-attachment.json' type='application/json' size='2'/>
                    </attachments>
                    <steps/>
                </step>
                <step start='1669549775117' status='passed' stop='1669549776965'>
                    <name>POST /session/:sessionId/elements</name>
                    <title>POST /session/:sessionId/elements</title>
                    <attachments>
                        <attachment title='Request' source='2f4415b2-3a6d-4811-96cf-972f5312d172-attachment.json' type='application/json' size='81'/>
                        <attachment title='Response' source='aebacc74-18ed-4f52-95c0-d0a6ce8ba25c-attachment.json' type='application/json' size='93'/>
                    </attachments>
                    <steps/>
                </step>
                <step start='1669549776978' status='passed' stop='1669549778096'>
                    <name>POST /session/:sessionId/element</name>
                    <title>POST /session/:sessionId/element</title>
                    <attachments>
                        <attachment title='Request' source='600df2fa-8c70-4093-a1bf-4f554732bafd-attachment.json' type='application/json' size='81'/>
                        <attachment title='Response' source='421ee44c-c5d5-4988-ba38-16019e514d33-attachment.json' type='application/json' size='83'/>
                    </attachments>
                    <steps/>
                </step>
                <step start='1669549778100' status='passed' stop='1669549780743'>
                    <name>POST /session/:sessionId/element/485b3f2d-a438-44fd-98d3-3c456fefe7c6/click</name>
                    <title>POST /session/:sessionId/element/485b3f2d-a438-44fd-98d3-3c456fefe7c6/click</title>
                    <attachments/>
                    <steps/>
                </step>
            </steps>
            <attachments/>
        </test-case>
        <test-case start='1669549780747' status='broken' stop='1669549780751'>
            <name>When I entry the word "Windows" in the search bar (top middle)</name>
            <title>When I entry the word "Windows" in the search bar (top middle)</title>
            <labels>
                <label name='language' value='javascript'/>
                <label name='framework' value='wdio'/>
                <label name='thread' value='0-0'/>
            </labels>
            <parameters>
                <parameter kind='argument' name='browser' value='chrome-107.0.5304.107'/>
            </parameters>
            <steps/>
            <attachments/>
            <failure>
                <message>Step "I entry the word "Windows" in the search bar (top middle)" is not defined. You can ignore this error by setting cucumberOpts.ignoreUndefinedDefinitions as true.</message>
                <stack-trace>Step "I entry the word "Windows" in the search bar (top middle)" is not defined. You can ignore this error by setting cucumberOpts.ignoreUndefinedDefinitions as true.
                	at Feature(D:\QAA bootcamp\TA-Homework-E2E\features\bootcampE2E.feature):1:1
                	at Scenario(Search bar):3:3
                	at Step(I entry the word "Windows" in the search bar (top middle)):8:5
                </stack-trace>
            </failure>
        </test-case>
        <test-case start='1669549780752' status='broken' stop='1669549780754'>
            <name>And I click the search</name>
            <title>And I click the search</title>
            <labels>
                <label name='language' value='javascript'/>
                <label name='framework' value='wdio'/>
                <label name='thread' value='0-0'/>
            </labels>
            <parameters>
                <parameter kind='argument' name='browser' value='chrome-107.0.5304.107'/>
            </parameters>
            <steps/>
            <attachments/>
            <failure>
                <message>Step "I click the search" is not defined. You can ignore this error by setting cucumberOpts.ignoreUndefinedDefinitions as true.</message>
                <stack-trace>Step "I click the search" is not defined. You can ignore this error by setting cucumberOpts.ignoreUndefinedDefinitions as true.
                	at Feature(D:\QAA bootcamp\TA-Homework-E2E\features\bootcampE2E.feature):1:1
                	at Scenario(Search bar):3:3
                	at Step(I click the search):9:5
                </stack-trace>
            </failure>
        </test-case>
        <test-case start='1669549780755' status='broken' stop='1669549780757'>
            <name>Then I should check that at least one item appers</name>
            <title>Then I should check that at least one item appers</title>
            <labels>
                <label name='language' value='javascript'/>
                <label name='framework' value='wdio'/>
                <label name='thread' value='0-0'/>
            </labels>
            <parameters>
                <parameter kind='argument' name='browser' value='chrome-107.0.5304.107'/>
            </parameters>
            <steps/>
            <attachments/>
            <failure>
                <message>Step "I should check that at least one item appers" is not defined. You can ignore this error by setting cucumberOpts.ignoreUndefinedDefinitions as true.</message>
                <stack-trace>Step "I should check that at least one item appers" is not defined. You can ignore this error by setting cucumberOpts.ignoreUndefinedDefinitions as true.
                	at Feature(D:\QAA bootcamp\TA-Homework-E2E\features\bootcampE2E.feature):1:1
                	at Scenario(Search bar):3:3
                	at Step(I should check that at least one item appers):10:5
                </stack-trace>
            </failure>
        </test-case>
        <test-case start='1669549780757' status='passed' stop='1669549780760'>
            <name></name>
            <title></title>
            <labels>
                <label name='language' value='javascript'/>
                <label name='framework' value='wdio'/>
                <label name='thread' value='0-0'/>
            </labels>
            <parameters>
                <parameter kind='argument' name='browser' value='chrome-107.0.5304.107'/>
            </parameters>
            <steps/>
            <attachments/>
        </test-case>
    </test-cases>
</ns2:test-suite>