<?xml version='1.0'?>
<ns2:test-suite xmlns:ns2='urn:model.allure.qatools.yandex.ru' start='1669550350625' stop='1669550359591'>
    <name>Bootcamp E2E: Search bar</name>
    <title>Bootcamp E2E: Search bar</title>
    <test-cases>
        <test-case start='1669550350626' status='passed' stop='1669550350627'>
            <name></name>
            <title></title>
            <labels>
                <label name='language' value='javascript'/>
                <label name='framework' value='wdio'/>
                <label name='thread' value='0-0'/>
            </labels>
            <parameters>
                <parameter kind='argument' name='browser' value='chrome-107.0.5304.107'/>
            </parameters>
            <steps/>
            <attachments/>
        </test-case>
        <test-case start='1669550350627' status='passed' stop='1669550354557'>
            <name>Given I am on the home page</name>
            <title>Given I am on the home page</title>
            <labels>
                <label name='language' value='javascript'/>
                <label name='framework' value='wdio'/>
                <label name='thread' value='0-0'/>
            </labels>
            <parameters>
                <parameter kind='argument' name='browser' value='chrome-107.0.5304.107'/>
            </parameters>
            <steps>
                <step start='1669550350629' status='passed' stop='1669550354555'>
                    <name>POST /session/:sessionId/url</name>
                    <title>POST /session/:sessionId/url</title>
                    <attachments>
                        <attachment title='Request' source='4421c44a-0f56-4653-b429-123f18c72ad0-attachment.json' type='application/json' size='38'/>
                    </attachments>
                    <steps/>
                </step>
            </steps>
            <attachments/>
        </test-case>
        <test-case start='1669550354557' status='passed' stop='1669550359580'>
            <name>Given The promo banner is closed if it appears</name>
            <title>Given The promo banner is closed if it appears</title>
            <labels>
                <label name='language' value='javascript'/>
                <label name='framework' value='wdio'/>
                <label name='thread' value='0-0'/>
            </labels>
            <parameters>
                <parameter kind='argument' name='browser' value='chrome-107.0.5304.107'/>
            </parameters>
            <steps>
                <step start='1669550354560' status='passed' stop='1669550354674'>
                    <name>POST /session/:sessionId/element</name>
                    <title>POST /session/:sessionId/element</title>
                    <attachments>
                        <attachment title='Request' source='d2fb2364-4164-49c8-b169-4bc725a9319b-attachment.json' type='application/json' size='81'/>
                        <attachment title='Response' source='c59504b2-a344-4c2f-9c3b-4a6cb926059f-attachment.json' type='application/json' size='1048'/>
                    </attachments>
                    <steps/>
                </step>
                <step start='1669550354693' status='passed' stop='1669550355507'>
                    <name>POST /session/:sessionId/elements</name>
                    <title>POST /session/:sessionId/elements</title>
                    <attachments>
                        <attachment title='Request' source='33e8fdfd-0480-4450-8360-3e6eeb46b90e-attachment.json' type='application/json' size='81'/>
                        <attachment title='Response' source='f1c88108-b8cd-4092-9a50-064a68d34b0c-attachment.json' type='application/json' size='2'/>
                    </attachments>
                    <steps/>
                </step>
                <step start='1669550355515' status='passed' stop='1669550355675'>
                    <name>POST /session/:sessionId/elements</name>
                    <title>POST /session/:sessionId/elements</title>
                    <attachments>
                        <attachment title='Request' source='7057de05-d6a6-47f2-ae5d-c8d48bc29890-attachment.json' type='application/json' size='81'/>
                        <attachment title='Response' source='4eaf5a4f-c2a0-46db-8501-2336b5ee17e5-attachment.json' type='application/json' size='2'/>
                    </attachments>
                    <steps/>
                </step>
                <step start='1669550355703' status='passed' stop='1669550355865'>
                    <name>POST /session/:sessionId/elements</name>
                    <title>POST /session/:sessionId/elements</title>
                    <attachments>
                        <attachment title='Request' source='5f36f047-53d0-46e5-b01e-24f8a06e0d0b-attachment.json' type='application/json' size='81'/>
                        <attachment title='Response' source='cd748e37-7681-47c8-bf43-8897914514a2-attachment.json' type='application/json' size='2'/>
                    </attachments>
                    <steps/>
                </step>
                <step start='1669550356209' status='passed' stop='1669550356876'>
                    <name>POST /session/:sessionId/elements</name>
                    <title>POST /session/:sessionId/elements</title>
                    <attachments>
                        <attachment title='Request' source='86b5024f-392a-47d9-b6de-ef8645f28212-attachment.json' type='application/json' size='81'/>
                        <attachment title='Response' source='47a4b862-63a5-4cab-b491-aeb31c96fcd3-attachment.json' type='application/json' size='2'/>
                    </attachments>
                    <steps/>
                </step>
                <step start='1669550356886' status='passed' stop='1669550358644'>
                    <name>POST /session/:sessionId/elements</name>
                    <title>POST /session/:sessionId/elements</title>
                    <attachments>
                        <attachment title='Request' source='fd9814f5-9e79-4228-bb82-089971bde75c-attachment.json' type='application/json' size='81'/>
                        <attachment title='Response' source='654851e7-a53f-4aea-8088-bdab0920f618-attachment.json' type='application/json' size='93'/>
                    </attachments>
                    <steps/>
                </step>
                <step start='1669550358661' status='passed' stop='1669550358921'>
                    <name>POST /session/:sessionId/element</name>
                    <title>POST /session/:sessionId/element</title>
                    <attachments>
                        <attachment title='Request' source='845acaf4-4646-4c42-a086-321a59459ca2-attachment.json' type='application/json' size='81'/>
                        <attachment title='Response' source='987aac73-866d-4be4-bf0c-e6d6d460222b-attachment.json' type='application/json' size='83'/>
                    </attachments>
                    <steps/>
                </step>
                <step start='1669550358924' status='passed' stop='1669550359576'>
                    <name>POST /session/:sessionId/element/a34dc3a8-94b7-4d40-bd4c-03522cc3a67f/click</name>
                    <title>POST /session/:sessionId/element/a34dc3a8-94b7-4d40-bd4c-03522cc3a67f/click</title>
                    <attachments/>
                    <steps/>
                </step>
            </steps>
            <attachments/>
        </test-case>
        <test-case start='1669550359581' status='broken' stop='1669550359584'>
            <name>When I entry the word "Windows" in the search bar (top middle)</name>
            <title>When I entry the word "Windows" in the search bar (top middle)</title>
            <labels>
                <label name='language' value='javascript'/>
                <label name='framework' value='wdio'/>
                <label name='thread' value='0-0'/>
            </labels>
            <parameters>
                <parameter kind='argument' name='browser' value='chrome-107.0.5304.107'/>
            </parameters>
            <steps/>
            <attachments/>
            <failure>
                <message>Step "I entry the word "Windows" in the search bar (top middle)" is not defined. You can ignore this error by setting cucumberOpts.ignoreUndefinedDefinitions as true.</message>
                <stack-trace>Step "I entry the word "Windows" in the search bar (top middle)" is not defined. You can ignore this error by setting cucumberOpts.ignoreUndefinedDefinitions as true.
                	at Feature(D:\QAA bootcamp\TA-Homework-E2E\features\bootcampE2E.feature):1:1
                	at Scenario(Search bar):3:3
                	at Step(I entry the word "Windows" in the search bar (top middle)):8:5
                </stack-trace>
            </failure>
        </test-case>
        <test-case start='1669550359584' status='broken' stop='1669550359586'>
            <name>And I click the search</name>
            <title>And I click the search</title>
            <labels>
                <label name='language' value='javascript'/>
                <label name='framework' value='wdio'/>
                <label name='thread' value='0-0'/>
            </labels>
            <parameters>
                <parameter kind='argument' name='browser' value='chrome-107.0.5304.107'/>
            </parameters>
            <steps/>
            <attachments/>
            <failure>
                <message>Step "I click the search" is not defined. You can ignore this error by setting cucumberOpts.ignoreUndefinedDefinitions as true.</message>
                <stack-trace>Step "I click the search" is not defined. You can ignore this error by setting cucumberOpts.ignoreUndefinedDefinitions as true.
                	at Feature(D:\QAA bootcamp\TA-Homework-E2E\features\bootcampE2E.feature):1:1
                	at Scenario(Search bar):3:3
                	at Step(I click the search):9:5
                </stack-trace>
            </failure>
        </test-case>
        <test-case start='1669550359587' status='broken' stop='1669550359588'>
            <name>Then I should check that at least one item appers</name>
            <title>Then I should check that at least one item appers</title>
            <labels>
                <label name='language' value='javascript'/>
                <label name='framework' value='wdio'/>
                <label name='thread' value='0-0'/>
            </labels>
            <parameters>
                <parameter kind='argument' name='browser' value='chrome-107.0.5304.107'/>
            </parameters>
            <steps/>
            <attachments/>
            <failure>
                <message>Step "I should check that at least one item appers" is not defined. You can ignore this error by setting cucumberOpts.ignoreUndefinedDefinitions as true.</message>
                <stack-trace>Step "I should check that at least one item appers" is not defined. You can ignore this error by setting cucumberOpts.ignoreUndefinedDefinitions as true.
                	at Feature(D:\QAA bootcamp\TA-Homework-E2E\features\bootcampE2E.feature):1:1
                	at Scenario(Search bar):3:3
                	at Step(I should check that at least one item appers):10:5
                </stack-trace>
            </failure>
        </test-case>
        <test-case start='1669550359588' status='passed' stop='1669550359590'>
            <name></name>
            <title></title>
            <labels>
                <label name='language' value='javascript'/>
                <label name='framework' value='wdio'/>
                <label name='thread' value='0-0'/>
            </labels>
            <parameters>
                <parameter kind='argument' name='browser' value='chrome-107.0.5304.107'/>
            </parameters>
            <steps/>
            <attachments/>
        </test-case>
    </test-cases>
</ns2:test-suite>