<?xml version='1.0'?>
<ns2:test-suite xmlns:ns2='urn:model.allure.qatools.yandex.ru' start='1669550574947' stop='1669550586248'>
    <name>Bootcamp E2E: Search bar</name>
    <title>Bootcamp E2E: Search bar</title>
    <test-cases>
        <test-case start='1669550574950' status='passed' stop='1669550574954'>
            <name></name>
            <title></title>
            <labels>
                <label name='language' value='javascript'/>
                <label name='framework' value='wdio'/>
                <label name='thread' value='0-0'/>
            </labels>
            <parameters>
                <parameter kind='argument' name='browser' value='chrome-107.0.5304.107'/>
            </parameters>
            <steps/>
            <attachments/>
        </test-case>
        <test-case start='1669550574955' status='passed' stop='1669550579633'>
            <name>Given I am on the home page</name>
            <title>Given I am on the home page</title>
            <labels>
                <label name='language' value='javascript'/>
                <label name='framework' value='wdio'/>
                <label name='thread' value='0-0'/>
            </labels>
            <parameters>
                <parameter kind='argument' name='browser' value='chrome-107.0.5304.107'/>
            </parameters>
            <steps>
                <step start='1669550574957' status='passed' stop='1669550579631'>
                    <name>POST /session/:sessionId/url</name>
                    <title>POST /session/:sessionId/url</title>
                    <attachments>
                        <attachment title='Request' source='31789a83-60c6-4ce9-aa34-25a0376cbc26-attachment.json' type='application/json' size='38'/>
                    </attachments>
                    <steps/>
                </step>
            </steps>
            <attachments/>
        </test-case>
        <test-case start='1669550579633' status='passed' stop='1669550584677'>
            <name>Given The promo banner is closed if it appears</name>
            <title>Given The promo banner is closed if it appears</title>
            <labels>
                <label name='language' value='javascript'/>
                <label name='framework' value='wdio'/>
                <label name='thread' value='0-0'/>
            </labels>
            <parameters>
                <parameter kind='argument' name='browser' value='chrome-107.0.5304.107'/>
            </parameters>
            <steps>
                <step start='1669550579638' status='passed' stop='1669550579741'>
                    <name>POST /session/:sessionId/element</name>
                    <title>POST /session/:sessionId/element</title>
                    <attachments>
                        <attachment title='Request' source='5a4c4209-b854-481a-b7c3-d1955f924f00-attachment.json' type='application/json' size='81'/>
                        <attachment title='Response' source='19705849-faee-49ce-b60c-f7d1a6e049cb-attachment.json' type='application/json' size='1048'/>
                    </attachments>
                    <steps/>
                </step>
                <step start='1669550579760' status='passed' stop='1669550580518'>
                    <name>POST /session/:sessionId/elements</name>
                    <title>POST /session/:sessionId/elements</title>
                    <attachments>
                        <attachment title='Request' source='3674816f-a99d-4ceb-9cdb-cddf6118debb-attachment.json' type='application/json' size='81'/>
                        <attachment title='Response' source='e1576675-0c4f-4bda-a7af-ba4df4c3c2f0-attachment.json' type='application/json' size='2'/>
                    </attachments>
                    <steps/>
                </step>
                <step start='1669550580540' status='passed' stop='1669550581109'>
                    <name>POST /session/:sessionId/elements</name>
                    <title>POST /session/:sessionId/elements</title>
                    <attachments>
                        <attachment title='Request' source='f79f9847-21df-4de5-9951-7ebe331492be-attachment.json' type='application/json' size='81'/>
                        <attachment title='Response' source='e90c1622-25e2-4ed2-9aed-3040c9050757-attachment.json' type='application/json' size='2'/>
                    </attachments>
                    <steps/>
                </step>
                <step start='1669550581113' status='passed' stop='1669550583271'>
                    <name>POST /session/:sessionId/elements</name>
                    <title>POST /session/:sessionId/elements</title>
                    <attachments>
                        <attachment title='Request' source='7f11d755-64c7-4447-af3f-3f710a077011-attachment.json' type='application/json' size='81'/>
                        <attachment title='Response' source='f01c5e00-b8de-4cf6-afb4-a62617da48e7-attachment.json' type='application/json' size='93'/>
                    </attachments>
                    <steps/>
                </step>
                <step start='1669550583283' status='passed' stop='1669550583631'>
                    <name>POST /session/:sessionId/element</name>
                    <title>POST /session/:sessionId/element</title>
                    <attachments>
                        <attachment title='Request' source='47949901-3990-4d6e-ad22-24655ffbee95-attachment.json' type='application/json' size='81'/>
                        <attachment title='Response' source='61a738c1-6e69-4edd-afe1-a628fc946029-attachment.json' type='application/json' size='83'/>
                    </attachments>
                    <steps/>
                </step>
                <step start='1669550583648' status='passed' stop='1669550584675'>
                    <name>POST /session/:sessionId/element/5e9dbd11-c654-4c08-8426-b8d9b64378a7/click</name>
                    <title>POST /session/:sessionId/element/5e9dbd11-c654-4c08-8426-b8d9b64378a7/click</title>
                    <attachments/>
                    <steps/>
                </step>
            </steps>
            <attachments/>
        </test-case>
        <test-case start='1669550584677' status='passed' stop='1669550586236'>
            <name>When I entry the word "Windows" in the search bar</name>
            <title>When I entry the word "Windows" in the search bar</title>
            <labels>
                <label name='language' value='javascript'/>
                <label name='framework' value='wdio'/>
                <label name='thread' value='0-0'/>
            </labels>
            <parameters>
                <parameter kind='argument' name='browser' value='chrome-107.0.5304.107'/>
            </parameters>
            <steps>
                <step start='1669550584682' status='passed' stop='1669550584909'>
                    <name>POST /session/:sessionId/element</name>
                    <title>POST /session/:sessionId/element</title>
                    <attachments>
                        <attachment title='Request' source='aa669f6f-b0f7-41d5-a0bf-5b5b39472080-attachment.json' type='application/json' size='111'/>
                        <attachment title='Response' source='8d9278b7-0a96-4e87-a93d-f5ba9909a464-attachment.json' type='application/json' size='83'/>
                    </attachments>
                    <steps/>
                </step>
                <step start='1669550584929' status='passed' stop='1669550585485'>
                    <name>POST /session/:sessionId/element/b5b6ad53-97b1-4fee-8751-50e9c3d4d2a0/click</name>
                    <title>POST /session/:sessionId/element/b5b6ad53-97b1-4fee-8751-50e9c3d4d2a0/click</title>
                    <attachments/>
                    <steps/>
                </step>
                <step start='1669550585515' status='passed' stop='1669550586235'>
                    <name>POST /session/:sessionId/element/b5b6ad53-97b1-4fee-8751-50e9c3d4d2a0/value</name>
                    <title>POST /session/:sessionId/element/b5b6ad53-97b1-4fee-8751-50e9c3d4d2a0/value</title>
                    <attachments>
                        <attachment title='Request' source='58546249-0eef-4076-8cfa-2484e65b94b5-attachment.json' type='application/json' size='23'/>
                    </attachments>
                    <steps/>
                </step>
            </steps>
            <attachments/>
        </test-case>
        <test-case start='1669550586236' status='broken' stop='1669550586238'>
            <name>And I click the search</name>
            <title>And I click the search</title>
            <labels>
                <label name='language' value='javascript'/>
                <label name='framework' value='wdio'/>
                <label name='thread' value='0-0'/>
            </labels>
            <parameters>
                <parameter kind='argument' name='browser' value='chrome-107.0.5304.107'/>
            </parameters>
            <steps/>
            <attachments/>
            <failure>
                <message>Step "I click the search" is not defined. You can ignore this error by setting cucumberOpts.ignoreUndefinedDefinitions as true.</message>
                <stack-trace>Step "I click the search" is not defined. You can ignore this error by setting cucumberOpts.ignoreUndefinedDefinitions as true.
                	at Feature(D:\QAA bootcamp\TA-Homework-E2E\features\bootcampE2E.feature):1:1
                	at Scenario(Search bar):3:3
                	at Step(I click the search):9:5
                </stack-trace>
            </failure>
        </test-case>
        <test-case start='1669550586239' status='broken' stop='1669550586240'>
            <name>Then I should check that at least one item appers</name>
            <title>Then I should check that at least one item appers</title>
            <labels>
                <label name='language' value='javascript'/>
                <label name='framework' value='wdio'/>
                <label name='thread' value='0-0'/>
            </labels>
            <parameters>
                <parameter kind='argument' name='browser' value='chrome-107.0.5304.107'/>
            </parameters>
            <steps/>
            <attachments/>
            <failure>
                <message>Step "I should check that at least one item appers" is not defined. You can ignore this error by setting cucumberOpts.ignoreUndefinedDefinitions as true.</message>
                <stack-trace>Step "I should check that at least one item appers" is not defined. You can ignore this error by setting cucumberOpts.ignoreUndefinedDefinitions as true.
                	at Feature(D:\QAA bootcamp\TA-Homework-E2E\features\bootcampE2E.feature):1:1
                	at Scenario(Search bar):3:3
                	at Step(I should check that at least one item appers):10:5
                </stack-trace>
            </failure>
        </test-case>
        <test-case start='1669550586241' status='passed' stop='1669550586245'>
            <name></name>
            <title></title>
            <labels>
                <label name='language' value='javascript'/>
                <label name='framework' value='wdio'/>
                <label name='thread' value='0-0'/>
            </labels>
            <parameters>
                <parameter kind='argument' name='browser' value='chrome-107.0.5304.107'/>
            </parameters>
            <steps/>
            <attachments/>
        </test-case>
    </test-cases>
</ns2:test-suite>